2026-02-08 19:11:55 INFO  n.e.journalApp.JournalApplication - Starting JournalApplication using Java 17.0.12 on Abhays-MacBook-Air-2.local with PID 51090 (/Users/abhayraj/Desktop/SpringBoot/journalApp/target/classes started by abhayraj in /Users/abhayraj/Desktop/SpringBoot/journalApp)
2026-02-08 19:11:55 INFO  n.e.journalApp.JournalApplication - The following 1 profile is active: "dev"
2026-02-08 19:11:55 INFO  o.s.d.r.c.RepositoryConfigurationDelegate - Bootstrapping Spring Data MongoDB repositories in DEFAULT mode.
2026-02-08 19:11:56 INFO  o.s.d.r.c.RepositoryConfigurationDelegate - Finished Spring Data repository scanning in 13 ms. Found 2 MongoDB repository interfaces.
2026-02-08 19:11:56 INFO  o.s.b.w.e.tomcat.TomcatWebServer - Tomcat initialized with port(s): 8080 (http)
2026-02-08 19:11:56 INFO  o.a.coyote.http11.Http11NioProtocol - Initializing ProtocolHandler ["http-nio-8080"]
2026-02-08 19:11:56 INFO  o.a.catalina.core.StandardService - Starting service [Tomcat]
2026-02-08 19:11:56 INFO  o.a.catalina.core.StandardEngine - Starting Servlet engine: [Apache Tomcat/9.0.79]
2026-02-08 19:11:56 INFO  o.a.c.c.C.[Tomcat].[localhost].[/] - Initializing Spring embedded WebApplicationContext
2026-02-08 19:11:56 INFO  o.s.b.w.s.c.ServletWebServerApplicationContext - Root WebApplicationContext: initialization completed in 368 ms
2026-02-08 19:11:56 INFO  org.mongodb.driver.client - MongoClient with metadata {"driver": {"name": "mongo-java-driver|sync|spring-boot", "version": "4.6.1"}, "os": {"type": "Darwin", "name": "Mac OS X", "architecture": "aarch64", "version": "26.2"}, "platform": "Java/Oracle Corporation/17.0.12+8-LTS-286", "application": {"name": "JournalAppCluster"}} created with settings MongoClientSettings{readPreference=primary, writeConcern=WriteConcern{w=null, wTimeout=null ms, journal=null}, retryWrites=true, retryReads=true, readConcern=ReadConcern{level=null}, credential=MongoCredential{mechanism=null, userName='AbhayRaj011', source='admin', password=<hidden>, mechanismProperties=<hidden>}, streamFactoryFactory=null, commandListeners=[], codecRegistry=ProvidersCodecRegistry{codecProviders=[ValueCodecProvider{}, BsonValueCodecProvider{}, DBRefCodecProvider{}, DBObjectCodecProvider{}, DocumentCodecProvider{}, IterableCodecProvider{}, MapCodecProvider{}, GeoJsonCodecProvider{}, GridFSFileCodecProvider{}, Jsr310CodecProvider{}, JsonObjectCodecProvider{}, BsonCodecProvider{}, EnumCodecProvider{}, com.mongodb.Jep395RecordCodecProvider@756aadfc]}, clusterSettings={hosts=[127.0.0.1:27017], srvHost=journalappcluster.5qo1ask.mongodb.net, srvServiceName=mongodb, mode=MULTIPLE, requiredClusterType=REPLICA_SET, requiredReplicaSetName='atlas-43fah9-shard-0', serverSelector='null', clusterListeners='[]', serverSelectionTimeout='30000 ms', localThreshold='30000 ms'}, socketSettings=SocketSettings{connectTimeoutMS=10000, readTimeoutMS=0, receiveBufferSize=0, sendBufferSize=0}, heartbeatSocketSettings=SocketSettings{connectTimeoutMS=10000, readTimeoutMS=10000, receiveBufferSize=0, sendBufferSize=0}, connectionPoolSettings=ConnectionPoolSettings{maxSize=100, minSize=0, maxWaitTimeMS=120000, maxConnectionLifeTimeMS=0, maxConnectionIdleTimeMS=0, maintenanceInitialDelayMS=0, maintenanceFrequencyMS=60000, connectionPoolListeners=[], maxConnecting=2}, serverSettings=ServerSettings{heartbeatFrequencyMS=10000, minHeartbeatFrequencyMS=500, serverListeners='[]', serverMonitorListeners='[]'}, sslSettings=SslSettings{enabled=true, invalidHostNameAllowed=false, context=null}, applicationName='JournalAppCluster', compressorList=[], uuidRepresentation=JAVA_LEGACY, serverApi=null, autoEncryptionSettings=null, contextProvider=null}
2026-02-08 19:11:56 INFO  org.mongodb.driver.cluster - Adding discovered server ac-likbc8k-shard-00-00.5qo1ask.mongodb.net:27017 to client view of cluster
2026-02-08 19:11:56 INFO  org.mongodb.driver.cluster - Adding discovered server ac-likbc8k-shard-00-01.5qo1ask.mongodb.net:27017 to client view of cluster
2026-02-08 19:11:56 INFO  org.mongodb.driver.cluster - Adding discovered server ac-likbc8k-shard-00-02.5qo1ask.mongodb.net:27017 to client view of cluster
2026-02-08 19:11:56 INFO  org.mongodb.driver.cluster - No server chosen by com.mongodb.client.internal.MongoClientDelegate$1@18b6d3c1 from cluster description ClusterDescription{type=REPLICA_SET, connectionMode=MULTIPLE, serverDescriptions=[ServerDescription{address=ac-likbc8k-shard-00-00.5qo1ask.mongodb.net:27017, type=UNKNOWN, state=CONNECTING}, ServerDescription{address=ac-likbc8k-shard-00-01.5qo1ask.mongodb.net:27017, type=UNKNOWN, state=CONNECTING}, ServerDescription{address=ac-likbc8k-shard-00-02.5qo1ask.mongodb.net:27017, type=UNKNOWN, state=CONNECTING}]}. Waiting for 30000 ms before timing out
2026-02-08 19:11:56 INFO  org.mongodb.driver.connection - Opened connection [connectionId{localValue:2, serverValue:146445}] to ac-likbc8k-shard-00-00.5qo1ask.mongodb.net:27017
2026-02-08 19:11:56 INFO  org.mongodb.driver.connection - Opened connection [connectionId{localValue:1, serverValue:146445}] to ac-likbc8k-shard-00-00.5qo1ask.mongodb.net:27017
2026-02-08 19:11:56 INFO  org.mongodb.driver.connection - Opened connection [connectionId{localValue:3, serverValue:164229}] to ac-likbc8k-shard-00-01.5qo1ask.mongodb.net:27017
2026-02-08 19:11:56 INFO  org.mongodb.driver.connection - Opened connection [connectionId{localValue:5, serverValue:145299}] to ac-likbc8k-shard-00-02.5qo1ask.mongodb.net:27017
2026-02-08 19:11:56 INFO  org.mongodb.driver.connection - Opened connection [connectionId{localValue:4, serverValue:164229}] to ac-likbc8k-shard-00-01.5qo1ask.mongodb.net:27017
2026-02-08 19:11:56 INFO  org.mongodb.driver.connection - Opened connection [connectionId{localValue:6, serverValue:145313}] to ac-likbc8k-shard-00-02.5qo1ask.mongodb.net:27017
2026-02-08 19:11:56 INFO  org.mongodb.driver.cluster - Monitor thread successfully connected to server with description ServerDescription{address=ac-likbc8k-shard-00-02.5qo1ask.mongodb.net:27017, type=REPLICA_SET_SECONDARY, state=CONNECTED, ok=true, minWireVersion=0, maxWireVersion=25, maxDocumentSize=16777216, logicalSessionTimeoutMinutes=30, roundTripTimeNanos=161688791, setName='atlas-43fah9-shard-0', canonicalAddress=ac-likbc8k-shard-00-02.5qo1ask.mongodb.net:27017, hosts=[ac-likbc8k-shard-00-00.5qo1ask.mongodb.net:27017, ac-likbc8k-shard-00-01.5qo1ask.mongodb.net:27017, ac-likbc8k-shard-00-02.5qo1ask.mongodb.net:27017], passives=[], arbiters=[], primary='ac-likbc8k-shard-00-01.5qo1ask.mongodb.net:27017', tagSet=TagSet{[Tag{name='availabilityZone', value='aps1-az2'}, Tag{name='diskState', value='READY'}, Tag{name='nodeType', value='ELECTABLE'}, Tag{name='provider', value='AWS'}, Tag{name='region', value='AP_SOUTH_1'}, Tag{name='workloadType', value='OPERATIONAL'}]}, electionId=null, setVersion=255, topologyVersion=TopologyVersion{processId=6986035ac1a4dd855227a384, counter=3}, lastWriteDate=Sun Feb 08 19:11:56 IST 2026, lastUpdateTimeNanos=1147041525033916}
2026-02-08 19:11:56 INFO  org.mongodb.driver.cluster - Monitor thread successfully connected to server with description ServerDescription{address=ac-likbc8k-shard-00-00.5qo1ask.mongodb.net:27017, type=REPLICA_SET_SECONDARY, state=CONNECTED, ok=true, minWireVersion=0, maxWireVersion=25, maxDocumentSize=16777216, logicalSessionTimeoutMinutes=30, roundTripTimeNanos=161425459, setName='atlas-43fah9-shard-0', canonicalAddress=ac-likbc8k-shard-00-00.5qo1ask.mongodb.net:27017, hosts=[ac-likbc8k-shard-00-00.5qo1ask.mongodb.net:27017, ac-likbc8k-shard-00-01.5qo1ask.mongodb.net:27017, ac-likbc8k-shard-00-02.5qo1ask.mongodb.net:27017], passives=[], arbiters=[], primary='ac-likbc8k-shard-00-01.5qo1ask.mongodb.net:27017', tagSet=TagSet{[Tag{name='availabilityZone', value='aps1-az1'}, Tag{name='diskState', value='READY'}, Tag{name='nodeType', value='ELECTABLE'}, Tag{name='provider', value='AWS'}, Tag{name='region', value='AP_SOUTH_1'}, Tag{name='workloadType', value='OPERATIONAL'}]}, electionId=null, setVersion=255, topologyVersion=TopologyVersion{processId=698602b04ca951ce31b76eaa, counter=4}, lastWriteDate=Sun Feb 08 19:11:56 IST 2026, lastUpdateTimeNanos=1147041524717375}
2026-02-08 19:11:56 INFO  org.mongodb.driver.cluster - Monitor thread successfully connected to server with description ServerDescription{address=ac-likbc8k-shard-00-01.5qo1ask.mongodb.net:27017, type=REPLICA_SET_PRIMARY, state=CONNECTED, ok=true, minWireVersion=0, maxWireVersion=25, maxDocumentSize=16777216, logicalSessionTimeoutMinutes=30, roundTripTimeNanos=159877500, setName='atlas-43fah9-shard-0', canonicalAddress=ac-likbc8k-shard-00-01.5qo1ask.mongodb.net:27017, hosts=[ac-likbc8k-shard-00-00.5qo1ask.mongodb.net:27017, ac-likbc8k-shard-00-01.5qo1ask.mongodb.net:27017, ac-likbc8k-shard-00-02.5qo1ask.mongodb.net:27017], passives=[], arbiters=[], primary='ac-likbc8k-shard-00-01.5qo1ask.mongodb.net:27017', tagSet=TagSet{[Tag{name='availabilityZone', value='aps1-az3'}, Tag{name='diskState', value='READY'}, Tag{name='nodeType', value='ELECTABLE'}, Tag{name='provider', value='AWS'}, Tag{name='region', value='AP_SOUTH_1'}, Tag{name='workloadType', value='OPERATIONAL'}]}, electionId=7fffffff000000000000036c, setVersion=255, topologyVersion=TopologyVersion{processId=6986030552a83cc1a6464921, counter=6}, lastWriteDate=Sun Feb 08 19:11:56 IST 2026, lastUpdateTimeNanos=1147041524967708}
2026-02-08 19:11:56 INFO  org.mongodb.driver.cluster - Setting max election id to 7fffffff000000000000036c from replica set primary ac-likbc8k-shard-00-01.5qo1ask.mongodb.net:27017
2026-02-08 19:11:56 INFO  org.mongodb.driver.cluster - Setting max set version to 255 from replica set primary ac-likbc8k-shard-00-01.5qo1ask.mongodb.net:27017
2026-02-08 19:11:56 INFO  org.mongodb.driver.cluster - Discovered replica set primary ac-likbc8k-shard-00-01.5qo1ask.mongodb.net:27017
2026-02-08 19:11:56 INFO  org.mongodb.driver.connection - Opened connection [connectionId{localValue:7, serverValue:164229}] to ac-likbc8k-shard-00-01.5qo1ask.mongodb.net:27017
2026-02-08 19:11:56 INFO  o.s.s.web.DefaultSecurityFilterChain - Will secure any request with [org.springframework.security.web.session.DisableEncodeUrlFilter@1b7554d4, org.springframework.security.web.context.request.async.WebAsyncManagerIntegrationFilter@57ce2898, org.springframework.security.web.context.SecurityContextPersistenceFilter@111cba40, org.springframework.security.web.header.HeaderWriterFilter@2d130ac4, org.springframework.security.web.authentication.logout.LogoutFilter@279126f5, org.springframework.security.web.authentication.www.BasicAuthenticationFilter@7a36c83a, org.springframework.security.web.savedrequest.RequestCacheAwareFilter@51e8d066, org.springframework.security.web.servletapi.SecurityContextHolderAwareRequestFilter@5333f08f, org.springframework.security.web.authentication.AnonymousAuthenticationFilter@1ea930eb, org.springframework.security.web.session.SessionManagementFilter@5a30722c, org.springframework.security.web.access.ExceptionTranslationFilter@77083e41, org.springframework.security.web.access.intercept.FilterSecurityInterceptor@7911cc15]
2026-02-08 19:11:56 INFO  o.a.coyote.http11.Http11NioProtocol - Starting ProtocolHandler ["http-nio-8080"]
2026-02-08 19:11:56 INFO  o.s.b.w.e.tomcat.TomcatWebServer - Tomcat started on port(s): 8080 (http) with context path ''
2026-02-08 19:11:56 INFO  n.e.journalApp.JournalApplication - Started JournalApplication in 1.317 seconds (JVM running for 1.508)
2026-02-08 19:39:20 INFO  n.e.journalApp.JournalApplication - Starting JournalApplication using Java 17.0.12 on Abhays-MacBook-Air-2.local with PID 51469 (/Users/abhayraj/Desktop/SpringBoot/journalApp/target/classes started by abhayraj in /Users/abhayraj/Desktop/SpringBoot/journalApp)
2026-02-08 19:39:20 INFO  n.e.journalApp.JournalApplication - The following 1 profile is active: "dev"
2026-02-08 19:39:20 INFO  o.s.d.r.c.RepositoryConfigurationDelegate - Bootstrapping Spring Data MongoDB repositories in DEFAULT mode.
2026-02-08 19:39:20 INFO  o.s.d.r.c.RepositoryConfigurationDelegate - Finished Spring Data repository scanning in 14 ms. Found 2 MongoDB repository interfaces.
2026-02-08 19:39:20 INFO  o.s.b.w.e.tomcat.TomcatWebServer - Tomcat initialized with port(s): 8080 (http)
2026-02-08 19:39:20 INFO  o.a.coyote.http11.Http11NioProtocol - Initializing ProtocolHandler ["http-nio-8080"]
2026-02-08 19:39:20 INFO  o.a.catalina.core.StandardService - Starting service [Tomcat]
2026-02-08 19:39:20 INFO  o.a.catalina.core.StandardEngine - Starting Servlet engine: [Apache Tomcat/9.0.79]
2026-02-08 19:39:20 INFO  o.a.c.c.C.[Tomcat].[localhost].[/] - Initializing Spring embedded WebApplicationContext
2026-02-08 19:39:20 INFO  o.s.b.w.s.c.ServletWebServerApplicationContext - Root WebApplicationContext: initialization completed in 376 ms
2026-02-08 19:39:20 INFO  org.mongodb.driver.cluster - Adding discovered server ac-likbc8k-shard-00-00.5qo1ask.mongodb.net:27017 to client view of cluster
2026-02-08 19:39:20 INFO  org.mongodb.driver.client - MongoClient with metadata {"driver": {"name": "mongo-java-driver|sync|spring-boot", "version": "4.6.1"}, "os": {"type": "Darwin", "name": "Mac OS X", "architecture": "aarch64", "version": "26.2"}, "platform": "Java/Oracle Corporation/17.0.12+8-LTS-286", "application": {"name": "JournalAppCluster"}} created with settings MongoClientSettings{readPreference=primary, writeConcern=WriteConcern{w=null, wTimeout=null ms, journal=null}, retryWrites=true, retryReads=true, readConcern=ReadConcern{level=null}, credential=MongoCredential{mechanism=null, userName='AbhayRaj011', source='admin', password=<hidden>, mechanismProperties=<hidden>}, streamFactoryFactory=null, commandListeners=[], codecRegistry=ProvidersCodecRegistry{codecProviders=[ValueCodecProvider{}, BsonValueCodecProvider{}, DBRefCodecProvider{}, DBObjectCodecProvider{}, DocumentCodecProvider{}, IterableCodecProvider{}, MapCodecProvider{}, GeoJsonCodecProvider{}, GridFSFileCodecProvider{}, Jsr310CodecProvider{}, JsonObjectCodecProvider{}, BsonCodecProvider{}, EnumCodecProvider{}, com.mongodb.Jep395RecordCodecProvider@77fa9381]}, clusterSettings={hosts=[127.0.0.1:27017], srvHost=journalappcluster.5qo1ask.mongodb.net, srvServiceName=mongodb, mode=MULTIPLE, requiredClusterType=REPLICA_SET, requiredReplicaSetName='atlas-43fah9-shard-0', serverSelector='null', clusterListeners='[]', serverSelectionTimeout='30000 ms', localThreshold='30000 ms'}, socketSettings=SocketSettings{connectTimeoutMS=10000, readTimeoutMS=0, receiveBufferSize=0, sendBufferSize=0}, heartbeatSocketSettings=SocketSettings{connectTimeoutMS=10000, readTimeoutMS=10000, receiveBufferSize=0, sendBufferSize=0}, connectionPoolSettings=ConnectionPoolSettings{maxSize=100, minSize=0, maxWaitTimeMS=120000, maxConnectionLifeTimeMS=0, maxConnectionIdleTimeMS=0, maintenanceInitialDelayMS=0, maintenanceFrequencyMS=60000, connectionPoolListeners=[], maxConnecting=2}, serverSettings=ServerSettings{heartbeatFrequencyMS=10000, minHeartbeatFrequencyMS=500, serverListeners='[]', serverMonitorListeners='[]'}, sslSettings=SslSettings{enabled=true, invalidHostNameAllowed=false, context=null}, applicationName='JournalAppCluster', compressorList=[], uuidRepresentation=JAVA_LEGACY, serverApi=null, autoEncryptionSettings=null, contextProvider=null}
2026-02-08 19:39:20 INFO  org.mongodb.driver.cluster - Adding discovered server ac-likbc8k-shard-00-01.5qo1ask.mongodb.net:27017 to client view of cluster
2026-02-08 19:39:20 INFO  org.mongodb.driver.cluster - Adding discovered server ac-likbc8k-shard-00-02.5qo1ask.mongodb.net:27017 to client view of cluster
2026-02-08 19:39:20 INFO  org.mongodb.driver.cluster - No server chosen by com.mongodb.client.internal.MongoClientDelegate$1@64763e49 from cluster description ClusterDescription{type=REPLICA_SET, connectionMode=MULTIPLE, serverDescriptions=[ServerDescription{address=ac-likbc8k-shard-00-00.5qo1ask.mongodb.net:27017, type=UNKNOWN, state=CONNECTING}, ServerDescription{address=ac-likbc8k-shard-00-01.5qo1ask.mongodb.net:27017, type=UNKNOWN, state=CONNECTING}, ServerDescription{address=ac-likbc8k-shard-00-02.5qo1ask.mongodb.net:27017, type=UNKNOWN, state=CONNECTING}]}. Waiting for 30000 ms before timing out
2026-02-08 19:39:21 INFO  org.mongodb.driver.connection - Opened connection [connectionId{localValue:5, serverValue:146550}] to ac-likbc8k-shard-00-02.5qo1ask.mongodb.net:27017
2026-02-08 19:39:21 INFO  org.mongodb.driver.connection - Opened connection [connectionId{localValue:3, serverValue:146550}] to ac-likbc8k-shard-00-02.5qo1ask.mongodb.net:27017
2026-02-08 19:39:21 INFO  org.mongodb.driver.connection - Opened connection [connectionId{localValue:4, serverValue:166233}] to ac-likbc8k-shard-00-01.5qo1ask.mongodb.net:27017
2026-02-08 19:39:21 INFO  org.mongodb.driver.connection - Opened connection [connectionId{localValue:1, serverValue:147746}] to ac-likbc8k-shard-00-00.5qo1ask.mongodb.net:27017
2026-02-08 19:39:21 INFO  org.mongodb.driver.connection - Opened connection [connectionId{localValue:2, serverValue:147746}] to ac-likbc8k-shard-00-00.5qo1ask.mongodb.net:27017
2026-02-08 19:39:21 INFO  org.mongodb.driver.connection - Opened connection [connectionId{localValue:6, serverValue:166233}] to ac-likbc8k-shard-00-01.5qo1ask.mongodb.net:27017
2026-02-08 19:39:21 INFO  org.mongodb.driver.cluster - Monitor thread successfully connected to server with description ServerDescription{address=ac-likbc8k-shard-00-02.5qo1ask.mongodb.net:27017, type=REPLICA_SET_SECONDARY, state=CONNECTED, ok=true, minWireVersion=0, maxWireVersion=25, maxDocumentSize=16777216, logicalSessionTimeoutMinutes=30, roundTripTimeNanos=153425958, setName='atlas-43fah9-shard-0', canonicalAddress=ac-likbc8k-shard-00-02.5qo1ask.mongodb.net:27017, hosts=[ac-likbc8k-shard-00-00.5qo1ask.mongodb.net:27017, ac-likbc8k-shard-00-01.5qo1ask.mongodb.net:27017, ac-likbc8k-shard-00-02.5qo1ask.mongodb.net:27017], passives=[], arbiters=[], primary='ac-likbc8k-shard-00-01.5qo1ask.mongodb.net:27017', tagSet=TagSet{[Tag{name='availabilityZone', value='aps1-az2'}, Tag{name='diskState', value='READY'}, Tag{name='nodeType', value='ELECTABLE'}, Tag{name='provider', value='AWS'}, Tag{name='region', value='AP_SOUTH_1'}, Tag{name='workloadType', value='OPERATIONAL'}]}, electionId=null, setVersion=255, topologyVersion=TopologyVersion{processId=6986035ac1a4dd855227a384, counter=3}, lastWriteDate=Sun Feb 08 19:39:21 IST 2026, lastUpdateTimeNanos=1148686087612916}
2026-02-08 19:39:21 INFO  org.mongodb.driver.cluster - Monitor thread successfully connected to server with description ServerDescription{address=ac-likbc8k-shard-00-01.5qo1ask.mongodb.net:27017, type=REPLICA_SET_PRIMARY, state=CONNECTED, ok=true, minWireVersion=0, maxWireVersion=25, maxDocumentSize=16777216, logicalSessionTimeoutMinutes=30, roundTripTimeNanos=154625375, setName='atlas-43fah9-shard-0', canonicalAddress=ac-likbc8k-shard-00-01.5qo1ask.mongodb.net:27017, hosts=[ac-likbc8k-shard-00-00.5qo1ask.mongodb.net:27017, ac-likbc8k-shard-00-01.5qo1ask.mongodb.net:27017, ac-likbc8k-shard-00-02.5qo1ask.mongodb.net:27017], passives=[], arbiters=[], primary='ac-likbc8k-shard-00-01.5qo1ask.mongodb.net:27017', tagSet=TagSet{[Tag{name='availabilityZone', value='aps1-az3'}, Tag{name='diskState', value='READY'}, Tag{name='nodeType', value='ELECTABLE'}, Tag{name='provider', value='AWS'}, Tag{name='region', value='AP_SOUTH_1'}, Tag{name='workloadType', value='OPERATIONAL'}]}, electionId=7fffffff000000000000036c, setVersion=255, topologyVersion=TopologyVersion{processId=6986030552a83cc1a6464921, counter=6}, lastWriteDate=Sun Feb 08 19:39:21 IST 2026, lastUpdateTimeNanos=1148686087639625}
2026-02-08 19:39:21 INFO  org.mongodb.driver.cluster - Monitor thread successfully connected to server with description ServerDescription{address=ac-likbc8k-shard-00-00.5qo1ask.mongodb.net:27017, type=REPLICA_SET_SECONDARY, state=CONNECTED, ok=true, minWireVersion=0, maxWireVersion=25, maxDocumentSize=16777216, logicalSessionTimeoutMinutes=30, roundTripTimeNanos=154087250, setName='atlas-43fah9-shard-0', canonicalAddress=ac-likbc8k-shard-00-00.5qo1ask.mongodb.net:27017, hosts=[ac-likbc8k-shard-00-00.5qo1ask.mongodb.net:27017, ac-likbc8k-shard-00-01.5qo1ask.mongodb.net:27017, ac-likbc8k-shard-00-02.5qo1ask.mongodb.net:27017], passives=[], arbiters=[], primary='ac-likbc8k-shard-00-01.5qo1ask.mongodb.net:27017', tagSet=TagSet{[Tag{name='availabilityZone', value='aps1-az1'}, Tag{name='diskState', value='READY'}, Tag{name='nodeType', value='ELECTABLE'}, Tag{name='provider', value='AWS'}, Tag{name='region', value='AP_SOUTH_1'}, Tag{name='workloadType', value='OPERATIONAL'}]}, electionId=null, setVersion=255, topologyVersion=TopologyVersion{processId=698602b04ca951ce31b76eaa, counter=4}, lastWriteDate=Sun Feb 08 19:39:21 IST 2026, lastUpdateTimeNanos=1148686087603958}
2026-02-08 19:39:21 INFO  org.mongodb.driver.cluster - Setting max election id to 7fffffff000000000000036c from replica set primary ac-likbc8k-shard-00-01.5qo1ask.mongodb.net:27017
2026-02-08 19:39:21 INFO  org.mongodb.driver.cluster - Setting max set version to 255 from replica set primary ac-likbc8k-shard-00-01.5qo1ask.mongodb.net:27017
2026-02-08 19:39:21 INFO  org.mongodb.driver.cluster - Discovered replica set primary ac-likbc8k-shard-00-01.5qo1ask.mongodb.net:27017
2026-02-08 19:39:21 INFO  org.mongodb.driver.connection - Opened connection [connectionId{localValue:7, serverValue:165934}] to ac-likbc8k-shard-00-01.5qo1ask.mongodb.net:27017
2026-02-08 19:39:21 INFO  o.s.s.web.DefaultSecurityFilterChain - Will secure any request with [org.springframework.security.web.session.DisableEncodeUrlFilter@3cc9632d, org.springframework.security.web.context.request.async.WebAsyncManagerIntegrationFilter@53982523, org.springframework.security.web.context.SecurityContextPersistenceFilter@1c3b6963, org.springframework.security.web.header.HeaderWriterFilter@48499739, org.springframework.security.web.authentication.logout.LogoutFilter@4fb57fb3, org.springframework.security.web.authentication.www.BasicAuthenticationFilter@4245bf68, org.springframework.security.web.savedrequest.RequestCacheAwareFilter@55a0f011, org.springframework.security.web.servletapi.SecurityContextHolderAwareRequestFilter@7ea42c82, org.springframework.security.web.authentication.AnonymousAuthenticationFilter@489110c2, org.springframework.security.web.session.SessionManagementFilter@454bcbbf, org.springframework.security.web.access.ExceptionTranslationFilter@7ceb6c45, org.springframework.security.web.access.intercept.FilterSecurityInterceptor@5b066c33]
2026-02-08 19:39:21 INFO  o.a.coyote.http11.Http11NioProtocol - Starting ProtocolHandler ["http-nio-8080"]
2026-02-08 19:39:21 INFO  o.s.b.w.e.tomcat.TomcatWebServer - Tomcat started on port(s): 8080 (http) with context path ''
2026-02-08 19:39:21 INFO  n.e.journalApp.JournalApplication - Started JournalApplication in 1.322 seconds (JVM running for 1.526)
2026-02-08 19:44:09 INFO  org.mongodb.driver.cluster - Exception in monitor thread while connecting to server ac-likbc8k-shard-00-01.5qo1ask.mongodb.net:27017
com.mongodb.MongoSocketReadTimeoutException: Timeout while receiving message
	at com.mongodb.internal.connection.InternalStreamConnection.translateReadException(InternalStreamConnection.java:696)
	at com.mongodb.internal.connection.InternalStreamConnection.receiveMessageWithAdditionalTimeout(InternalStreamConnection.java:574)
	at com.mongodb.internal.connection.InternalStreamConnection.receiveCommandMessageResponse(InternalStreamConnection.java:410)
	at com.mongodb.internal.connection.InternalStreamConnection.receive(InternalStreamConnection.java:369)
	at com.mongodb.internal.connection.DefaultServerMonitor$ServerMonitorRunnable.lookupServerDescription(DefaultServerMonitor.java:221)
	at com.mongodb.internal.connection.DefaultServerMonitor$ServerMonitorRunnable.run(DefaultServerMonitor.java:157)
	at java.base/java.lang.Thread.run(Thread.java:842)
Caused by: java.net.SocketTimeoutException: Read timed out
	at java.base/sun.nio.ch.NioSocketImpl.timedRead(NioSocketImpl.java:288)
	at java.base/sun.nio.ch.NioSocketImpl.implRead(NioSocketImpl.java:314)
	at java.base/sun.nio.ch.NioSocketImpl.read(NioSocketImpl.java:355)
	at java.base/sun.nio.ch.NioSocketImpl$1.read(NioSocketImpl.java:808)
	at java.base/java.net.Socket$SocketInputStream.read(Socket.java:966)
	at java.base/sun.security.ssl.SSLSocketInputRecord.read(SSLSocketInputRecord.java:484)
	at java.base/sun.security.ssl.SSLSocketInputRecord.readHeader(SSLSocketInputRecord.java:478)
	at java.base/sun.security.ssl.SSLSocketInputRecord.bytesInCompletePacket(SSLSocketInputRecord.java:70)
	at java.base/sun.security.ssl.SSLSocketImpl.readApplicationRecord(SSLSocketImpl.java:1461)
	at java.base/sun.security.ssl.SSLSocketImpl$AppInputStream.read(SSLSocketImpl.java:1065)
	at com.mongodb.internal.connection.SocketStream.read(SocketStream.java:110)
	at com.mongodb.internal.connection.SocketStream.read(SocketStream.java:135)
	at com.mongodb.internal.connection.InternalStreamConnection.receiveResponseBuffers(InternalStreamConnection.java:713)
	at com.mongodb.internal.connection.InternalStreamConnection.receiveMessageWithAdditionalTimeout(InternalStreamConnection.java:571)
	... 5 common frames omitted
2026-02-08 19:44:09 INFO  org.mongodb.driver.cluster - Exception in monitor thread while connecting to server ac-likbc8k-shard-00-00.5qo1ask.mongodb.net:27017
com.mongodb.MongoSocketReadTimeoutException: Timeout while receiving message
	at com.mongodb.internal.connection.InternalStreamConnection.translateReadException(InternalStreamConnection.java:696)
	at com.mongodb.internal.connection.InternalStreamConnection.receiveMessageWithAdditionalTimeout(InternalStreamConnection.java:574)
	at com.mongodb.internal.connection.InternalStreamConnection.receiveCommandMessageResponse(InternalStreamConnection.java:410)
	at com.mongodb.internal.connection.InternalStreamConnection.receive(InternalStreamConnection.java:369)
	at com.mongodb.internal.connection.DefaultServerMonitor$ServerMonitorRunnable.lookupServerDescription(DefaultServerMonitor.java:221)
	at com.mongodb.internal.connection.DefaultServerMonitor$ServerMonitorRunnable.run(DefaultServerMonitor.java:157)
	at java.base/java.lang.Thread.run(Thread.java:842)
Caused by: java.net.SocketTimeoutException: Read timed out
	at java.base/sun.nio.ch.NioSocketImpl.timedRead(NioSocketImpl.java:288)
	at java.base/sun.nio.ch.NioSocketImpl.implRead(NioSocketImpl.java:314)
	at java.base/sun.nio.ch.NioSocketImpl.read(NioSocketImpl.java:355)
	at java.base/sun.nio.ch.NioSocketImpl$1.read(NioSocketImpl.java:808)
	at java.base/java.net.Socket$SocketInputStream.read(Socket.java:966)
	at java.base/sun.security.ssl.SSLSocketInputRecord.read(SSLSocketInputRecord.java:484)
	at java.base/sun.security.ssl.SSLSocketInputRecord.readHeader(SSLSocketInputRecord.java:478)
	at java.base/sun.security.ssl.SSLSocketInputRecord.bytesInCompletePacket(SSLSocketInputRecord.java:70)
	at java.base/sun.security.ssl.SSLSocketImpl.readApplicationRecord(SSLSocketImpl.java:1461)
	at java.base/sun.security.ssl.SSLSocketImpl$AppInputStream.read(SSLSocketImpl.java:1065)
	at com.mongodb.internal.connection.SocketStream.read(SocketStream.java:110)
	at com.mongodb.internal.connection.SocketStream.read(SocketStream.java:135)
	at com.mongodb.internal.connection.InternalStreamConnection.receiveResponseBuffers(InternalStreamConnection.java:713)
	at com.mongodb.internal.connection.InternalStreamConnection.receiveMessageWithAdditionalTimeout(InternalStreamConnection.java:571)
	... 5 common frames omitted
2026-02-08 19:44:09 INFO  org.mongodb.driver.cluster - Exception in monitor thread while connecting to server ac-likbc8k-shard-00-02.5qo1ask.mongodb.net:27017
com.mongodb.MongoSocketReadTimeoutException: Timeout while receiving message
	at com.mongodb.internal.connection.InternalStreamConnection.translateReadException(InternalStreamConnection.java:696)
	at com.mongodb.internal.connection.InternalStreamConnection.receiveMessageWithAdditionalTimeout(InternalStreamConnection.java:574)
	at com.mongodb.internal.connection.InternalStreamConnection.receiveCommandMessageResponse(InternalStreamConnection.java:410)
	at com.mongodb.internal.connection.InternalStreamConnection.receive(InternalStreamConnection.java:369)
	at com.mongodb.internal.connection.DefaultServerMonitor$ServerMonitorRunnable.lookupServerDescription(DefaultServerMonitor.java:221)
	at com.mongodb.internal.connection.DefaultServerMonitor$ServerMonitorRunnable.run(DefaultServerMonitor.java:157)
	at java.base/java.lang.Thread.run(Thread.java:842)
Caused by: java.net.SocketTimeoutException: Read timed out
	at java.base/sun.nio.ch.NioSocketImpl.timedRead(NioSocketImpl.java:288)
	at java.base/sun.nio.ch.NioSocketImpl.implRead(NioSocketImpl.java:314)
	at java.base/sun.nio.ch.NioSocketImpl.read(NioSocketImpl.java:355)
	at java.base/sun.nio.ch.NioSocketImpl$1.read(NioSocketImpl.java:808)
	at java.base/java.net.Socket$SocketInputStream.read(Socket.java:966)
	at java.base/sun.security.ssl.SSLSocketInputRecord.read(SSLSocketInputRecord.java:484)
	at java.base/sun.security.ssl.SSLSocketInputRecord.readHeader(SSLSocketInputRecord.java:478)
	at java.base/sun.security.ssl.SSLSocketInputRecord.bytesInCompletePacket(SSLSocketInputRecord.java:70)
	at java.base/sun.security.ssl.SSLSocketImpl.readApplicationRecord(SSLSocketImpl.java:1461)
	at java.base/sun.security.ssl.SSLSocketImpl$AppInputStream.read(SSLSocketImpl.java:1065)
	at com.mongodb.internal.connection.SocketStream.read(SocketStream.java:110)
	at com.mongodb.internal.connection.SocketStream.read(SocketStream.java:135)
	at com.mongodb.internal.connection.InternalStreamConnection.receiveResponseBuffers(InternalStreamConnection.java:713)
	at com.mongodb.internal.connection.InternalStreamConnection.receiveMessageWithAdditionalTimeout(InternalStreamConnection.java:571)
	... 5 common frames omitted
2026-02-08 19:44:09 INFO  org.mongodb.driver.connection - Opened connection [connectionId{localValue:8, serverValue:165565}] to ac-likbc8k-shard-00-01.5qo1ask.mongodb.net:27017
2026-02-08 19:44:09 INFO  org.mongodb.driver.cluster - Monitor thread successfully connected to server with description ServerDescription{address=ac-likbc8k-shard-00-01.5qo1ask.mongodb.net:27017, type=REPLICA_SET_PRIMARY, state=CONNECTED, ok=true, minWireVersion=0, maxWireVersion=25, maxDocumentSize=16777216, logicalSessionTimeoutMinutes=30, roundTripTimeNanos=64572959, setName='atlas-43fah9-shard-0', canonicalAddress=ac-likbc8k-shard-00-01.5qo1ask.mongodb.net:27017, hosts=[ac-likbc8k-shard-00-00.5qo1ask.mongodb.net:27017, ac-likbc8k-shard-00-01.5qo1ask.mongodb.net:27017, ac-likbc8k-shard-00-02.5qo1ask.mongodb.net:27017], passives=[], arbiters=[], primary='ac-likbc8k-shard-00-01.5qo1ask.mongodb.net:27017', tagSet=TagSet{[Tag{name='availabilityZone', value='aps1-az3'}, Tag{name='diskState', value='READY'}, Tag{name='nodeType', value='ELECTABLE'}, Tag{name='provider', value='AWS'}, Tag{name='region', value='AP_SOUTH_1'}, Tag{name='workloadType', value='OPERATIONAL'}]}, electionId=7fffffff000000000000036c, setVersion=255, topologyVersion=TopologyVersion{processId=6986030552a83cc1a6464921, counter=6}, lastWriteDate=Sun Feb 08 19:44:09 IST 2026, lastUpdateTimeNanos=1148876375220791}
2026-02-08 19:44:09 INFO  org.mongodb.driver.cluster - Discovered replica set primary ac-likbc8k-shard-00-01.5qo1ask.mongodb.net:27017
2026-02-08 19:44:09 INFO  org.mongodb.driver.connection - Opened connection [connectionId{localValue:10, serverValue:148053}] to ac-likbc8k-shard-00-00.5qo1ask.mongodb.net:27017
2026-02-08 19:44:09 INFO  org.mongodb.driver.cluster - Monitor thread successfully connected to server with description ServerDescription{address=ac-likbc8k-shard-00-00.5qo1ask.mongodb.net:27017, type=REPLICA_SET_SECONDARY, state=CONNECTED, ok=true, minWireVersion=0, maxWireVersion=25, maxDocumentSize=16777216, logicalSessionTimeoutMinutes=30, roundTripTimeNanos=63731917, setName='atlas-43fah9-shard-0', canonicalAddress=ac-likbc8k-shard-00-00.5qo1ask.mongodb.net:27017, hosts=[ac-likbc8k-shard-00-00.5qo1ask.mongodb.net:27017, ac-likbc8k-shard-00-01.5qo1ask.mongodb.net:27017, ac-likbc8k-shard-00-02.5qo1ask.mongodb.net:27017], passives=[], arbiters=[], primary='ac-likbc8k-shard-00-01.5qo1ask.mongodb.net:27017', tagSet=TagSet{[Tag{name='availabilityZone', value='aps1-az1'}, Tag{name='diskState', value='READY'}, Tag{name='nodeType', value='ELECTABLE'}, Tag{name='provider', value='AWS'}, Tag{name='region', value='AP_SOUTH_1'}, Tag{name='workloadType', value='OPERATIONAL'}]}, electionId=null, setVersion=255, topologyVersion=TopologyVersion{processId=698602b04ca951ce31b76eaa, counter=4}, lastWriteDate=Sun Feb 08 19:44:09 IST 2026, lastUpdateTimeNanos=1148876376534916}
2026-02-08 19:44:09 INFO  org.mongodb.driver.connection - Opened connection [connectionId{localValue:9, serverValue:146865}] to ac-likbc8k-shard-00-02.5qo1ask.mongodb.net:27017
2026-02-08 19:44:09 INFO  org.mongodb.driver.cluster - Monitor thread successfully connected to server with description ServerDescription{address=ac-likbc8k-shard-00-02.5qo1ask.mongodb.net:27017, type=REPLICA_SET_SECONDARY, state=CONNECTED, ok=true, minWireVersion=0, maxWireVersion=25, maxDocumentSize=16777216, logicalSessionTimeoutMinutes=30, roundTripTimeNanos=61316458, setName='atlas-43fah9-shard-0', canonicalAddress=ac-likbc8k-shard-00-02.5qo1ask.mongodb.net:27017, hosts=[ac-likbc8k-shard-00-00.5qo1ask.mongodb.net:27017, ac-likbc8k-shard-00-01.5qo1ask.mongodb.net:27017, ac-likbc8k-shard-00-02.5qo1ask.mongodb.net:27017], passives=[], arbiters=[], primary='ac-likbc8k-shard-00-01.5qo1ask.mongodb.net:27017', tagSet=TagSet{[Tag{name='availabilityZone', value='aps1-az2'}, Tag{name='diskState', value='READY'}, Tag{name='nodeType', value='ELECTABLE'}, Tag{name='provider', value='AWS'}, Tag{name='region', value='AP_SOUTH_1'}, Tag{name='workloadType', value='OPERATIONAL'}]}, electionId=null, setVersion=255, topologyVersion=TopologyVersion{processId=6986035ac1a4dd855227a384, counter=3}, lastWriteDate=Sun Feb 08 19:44:09 IST 2026, lastUpdateTimeNanos=1148876389106666}
2026-02-08 20:01:19 INFO  org.mongodb.driver.cluster - Exception in monitor thread while connecting to server ac-likbc8k-shard-00-01.5qo1ask.mongodb.net:27017
com.mongodb.MongoSocketReadTimeoutException: Timeout while receiving message
	at com.mongodb.internal.connection.InternalStreamConnection.translateReadException(InternalStreamConnection.java:696)
	at com.mongodb.internal.connection.InternalStreamConnection.receiveMessageWithAdditionalTimeout(InternalStreamConnection.java:574)
	at com.mongodb.internal.connection.InternalStreamConnection.receiveCommandMessageResponse(InternalStreamConnection.java:410)
	at com.mongodb.internal.connection.InternalStreamConnection.receive(InternalStreamConnection.java:369)
	at com.mongodb.internal.connection.DefaultServerMonitor$ServerMonitorRunnable.lookupServerDescription(DefaultServerMonitor.java:221)
	at com.mongodb.internal.connection.DefaultServerMonitor$ServerMonitorRunnable.run(DefaultServerMonitor.java:157)
	at java.base/java.lang.Thread.run(Thread.java:842)
Caused by: java.net.SocketTimeoutException: Read timed out
	at java.base/sun.nio.ch.NioSocketImpl.timedRead(NioSocketImpl.java:288)
	at java.base/sun.nio.ch.NioSocketImpl.implRead(NioSocketImpl.java:314)
	at java.base/sun.nio.ch.NioSocketImpl.read(NioSocketImpl.java:355)
	at java.base/sun.nio.ch.NioSocketImpl$1.read(NioSocketImpl.java:808)
	at java.base/java.net.Socket$SocketInputStream.read(Socket.java:966)
	at java.base/sun.security.ssl.SSLSocketInputRecord.read(SSLSocketInputRecord.java:484)
	at java.base/sun.security.ssl.SSLSocketInputRecord.readHeader(SSLSocketInputRecord.java:478)
	at java.base/sun.security.ssl.SSLSocketInputRecord.bytesInCompletePacket(SSLSocketInputRecord.java:70)
	at java.base/sun.security.ssl.SSLSocketImpl.readApplicationRecord(SSLSocketImpl.java:1461)
	at java.base/sun.security.ssl.SSLSocketImpl$AppInputStream.read(SSLSocketImpl.java:1065)
	at com.mongodb.internal.connection.SocketStream.read(SocketStream.java:110)
	at com.mongodb.internal.connection.SocketStream.read(SocketStream.java:135)
	at com.mongodb.internal.connection.InternalStreamConnection.receiveResponseBuffers(InternalStreamConnection.java:713)
	at com.mongodb.internal.connection.InternalStreamConnection.receiveMessageWithAdditionalTimeout(InternalStreamConnection.java:571)
	... 5 common frames omitted
2026-02-08 20:01:19 INFO  org.mongodb.driver.cluster - Exception in monitor thread while connecting to server ac-likbc8k-shard-00-00.5qo1ask.mongodb.net:27017
com.mongodb.MongoSocketReadTimeoutException: Timeout while receiving message
	at com.mongodb.internal.connection.InternalStreamConnection.translateReadException(InternalStreamConnection.java:696)
	at com.mongodb.internal.connection.InternalStreamConnection.receiveMessageWithAdditionalTimeout(InternalStreamConnection.java:574)
	at com.mongodb.internal.connection.InternalStreamConnection.receiveCommandMessageResponse(InternalStreamConnection.java:410)
	at com.mongodb.internal.connection.InternalStreamConnection.receive(InternalStreamConnection.java:369)
	at com.mongodb.internal.connection.DefaultServerMonitor$ServerMonitorRunnable.lookupServerDescription(DefaultServerMonitor.java:221)
	at com.mongodb.internal.connection.DefaultServerMonitor$ServerMonitorRunnable.run(DefaultServerMonitor.java:157)
	at java.base/java.lang.Thread.run(Thread.java:842)
Caused by: java.net.SocketTimeoutException: Read timed out
	at java.base/sun.nio.ch.NioSocketImpl.timedRead(NioSocketImpl.java:288)
	at java.base/sun.nio.ch.NioSocketImpl.implRead(NioSocketImpl.java:314)
	at java.base/sun.nio.ch.NioSocketImpl.read(NioSocketImpl.java:355)
	at java.base/sun.nio.ch.NioSocketImpl$1.read(NioSocketImpl.java:808)
	at java.base/java.net.Socket$SocketInputStream.read(Socket.java:966)
	at java.base/sun.security.ssl.SSLSocketInputRecord.read(SSLSocketInputRecord.java:484)
	at java.base/sun.security.ssl.SSLSocketInputRecord.readHeader(SSLSocketInputRecord.java:478)
	at java.base/sun.security.ssl.SSLSocketInputRecord.bytesInCompletePacket(SSLSocketInputRecord.java:70)
	at java.base/sun.security.ssl.SSLSocketImpl.readApplicationRecord(SSLSocketImpl.java:1461)
	at java.base/sun.security.ssl.SSLSocketImpl$AppInputStream.read(SSLSocketImpl.java:1065)
	at com.mongodb.internal.connection.SocketStream.read(SocketStream.java:110)
	at com.mongodb.internal.connection.SocketStream.read(SocketStream.java:135)
	at com.mongodb.internal.connection.InternalStreamConnection.receiveResponseBuffers(InternalStreamConnection.java:713)
	at com.mongodb.internal.connection.InternalStreamConnection.receiveMessageWithAdditionalTimeout(InternalStreamConnection.java:571)
	... 5 common frames omitted
2026-02-08 20:01:19 INFO  org.mongodb.driver.cluster - Exception in monitor thread while connecting to server ac-likbc8k-shard-00-02.5qo1ask.mongodb.net:27017
com.mongodb.MongoSocketReadTimeoutException: Timeout while receiving message
	at com.mongodb.internal.connection.InternalStreamConnection.translateReadException(InternalStreamConnection.java:696)
	at com.mongodb.internal.connection.InternalStreamConnection.receiveMessageWithAdditionalTimeout(InternalStreamConnection.java:574)
	at com.mongodb.internal.connection.InternalStreamConnection.receiveCommandMessageResponse(InternalStreamConnection.java:410)
	at com.mongodb.internal.connection.InternalStreamConnection.receive(InternalStreamConnection.java:369)
	at com.mongodb.internal.connection.DefaultServerMonitor$ServerMonitorRunnable.lookupServerDescription(DefaultServerMonitor.java:221)
	at com.mongodb.internal.connection.DefaultServerMonitor$ServerMonitorRunnable.run(DefaultServerMonitor.java:157)
	at java.base/java.lang.Thread.run(Thread.java:842)
Caused by: java.net.SocketTimeoutException: Read timed out
	at java.base/sun.nio.ch.NioSocketImpl.timedRead(NioSocketImpl.java:288)
	at java.base/sun.nio.ch.NioSocketImpl.implRead(NioSocketImpl.java:314)
	at java.base/sun.nio.ch.NioSocketImpl.read(NioSocketImpl.java:355)
	at java.base/sun.nio.ch.NioSocketImpl$1.read(NioSocketImpl.java:808)
	at java.base/java.net.Socket$SocketInputStream.read(Socket.java:966)
	at java.base/sun.security.ssl.SSLSocketInputRecord.read(SSLSocketInputRecord.java:484)
	at java.base/sun.security.ssl.SSLSocketInputRecord.readHeader(SSLSocketInputRecord.java:478)
	at java.base/sun.security.ssl.SSLSocketInputRecord.bytesInCompletePacket(SSLSocketInputRecord.java:70)
	at java.base/sun.security.ssl.SSLSocketImpl.readApplicationRecord(SSLSocketImpl.java:1461)
	at java.base/sun.security.ssl.SSLSocketImpl$AppInputStream.read(SSLSocketImpl.java:1065)
	at com.mongodb.internal.connection.SocketStream.read(SocketStream.java:110)
	at com.mongodb.internal.connection.SocketStream.read(SocketStream.java:135)
	at com.mongodb.internal.connection.InternalStreamConnection.receiveResponseBuffers(InternalStreamConnection.java:713)
	at com.mongodb.internal.connection.InternalStreamConnection.receiveMessageWithAdditionalTimeout(InternalStreamConnection.java:571)
	... 5 common frames omitted
2026-02-08 20:01:19 INFO  org.mongodb.driver.connection - Opened connection [connectionId{localValue:11, serverValue:167410}] to ac-likbc8k-shard-00-01.5qo1ask.mongodb.net:27017
2026-02-08 20:01:19 INFO  org.mongodb.driver.cluster - Monitor thread successfully connected to server with description ServerDescription{address=ac-likbc8k-shard-00-01.5qo1ask.mongodb.net:27017, type=REPLICA_SET_PRIMARY, state=CONNECTED, ok=true, minWireVersion=0, maxWireVersion=25, maxDocumentSize=16777216, logicalSessionTimeoutMinutes=30, roundTripTimeNanos=66649125, setName='atlas-43fah9-shard-0', canonicalAddress=ac-likbc8k-shard-00-01.5qo1ask.mongodb.net:27017, hosts=[ac-likbc8k-shard-00-00.5qo1ask.mongodb.net:27017, ac-likbc8k-shard-00-01.5qo1ask.mongodb.net:27017, ac-likbc8k-shard-00-02.5qo1ask.mongodb.net:27017], passives=[], arbiters=[], primary='ac-likbc8k-shard-00-01.5qo1ask.mongodb.net:27017', tagSet=TagSet{[Tag{name='availabilityZone', value='aps1-az3'}, Tag{name='diskState', value='READY'}, Tag{name='nodeType', value='ELECTABLE'}, Tag{name='provider', value='AWS'}, Tag{name='region', value='AP_SOUTH_1'}, Tag{name='workloadType', value='OPERATIONAL'}]}, electionId=7fffffff000000000000036c, setVersion=255, topologyVersion=TopologyVersion{processId=6986030552a83cc1a6464921, counter=6}, lastWriteDate=Sun Feb 08 20:01:19 IST 2026, lastUpdateTimeNanos=1148906528087250}
2026-02-08 20:01:19 INFO  org.mongodb.driver.cluster - Discovered replica set primary ac-likbc8k-shard-00-01.5qo1ask.mongodb.net:27017
2026-02-08 20:01:19 INFO  org.mongodb.driver.connection - Opened connection [connectionId{localValue:13, serverValue:147851}] to ac-likbc8k-shard-00-02.5qo1ask.mongodb.net:27017
2026-02-08 20:01:19 INFO  org.mongodb.driver.cluster - Monitor thread successfully connected to server with description ServerDescription{address=ac-likbc8k-shard-00-02.5qo1ask.mongodb.net:27017, type=REPLICA_SET_SECONDARY, state=CONNECTED, ok=true, minWireVersion=0, maxWireVersion=25, maxDocumentSize=16777216, logicalSessionTimeoutMinutes=30, roundTripTimeNanos=68496667, setName='atlas-43fah9-shard-0', canonicalAddress=ac-likbc8k-shard-00-02.5qo1ask.mongodb.net:27017, hosts=[ac-likbc8k-shard-00-00.5qo1ask.mongodb.net:27017, ac-likbc8k-shard-00-01.5qo1ask.mongodb.net:27017, ac-likbc8k-shard-00-02.5qo1ask.mongodb.net:27017], passives=[], arbiters=[], primary='ac-likbc8k-shard-00-01.5qo1ask.mongodb.net:27017', tagSet=TagSet{[Tag{name='availabilityZone', value='aps1-az2'}, Tag{name='diskState', value='READY'}, Tag{name='nodeType', value='ELECTABLE'}, Tag{name='provider', value='AWS'}, Tag{name='region', value='AP_SOUTH_1'}, Tag{name='workloadType', value='OPERATIONAL'}]}, electionId=null, setVersion=255, topologyVersion=TopologyVersion{processId=6986035ac1a4dd855227a384, counter=3}, lastWriteDate=Sun Feb 08 20:01:19 IST 2026, lastUpdateTimeNanos=1148906543542541}
2026-02-08 20:01:19 INFO  org.mongodb.driver.connection - Opened connection [connectionId{localValue:12, serverValue:149029}] to ac-likbc8k-shard-00-00.5qo1ask.mongodb.net:27017
2026-02-08 20:01:19 INFO  org.mongodb.driver.cluster - Monitor thread successfully connected to server with description ServerDescription{address=ac-likbc8k-shard-00-00.5qo1ask.mongodb.net:27017, type=REPLICA_SET_SECONDARY, state=CONNECTED, ok=true, minWireVersion=0, maxWireVersion=25, maxDocumentSize=16777216, logicalSessionTimeoutMinutes=30, roundTripTimeNanos=74880083, setName='atlas-43fah9-shard-0', canonicalAddress=ac-likbc8k-shard-00-00.5qo1ask.mongodb.net:27017, hosts=[ac-likbc8k-shard-00-00.5qo1ask.mongodb.net:27017, ac-likbc8k-shard-00-01.5qo1ask.mongodb.net:27017, ac-likbc8k-shard-00-02.5qo1ask.mongodb.net:27017], passives=[], arbiters=[], primary='ac-likbc8k-shard-00-01.5qo1ask.mongodb.net:27017', tagSet=TagSet{[Tag{name='availabilityZone', value='aps1-az1'}, Tag{name='diskState', value='READY'}, Tag{name='nodeType', value='ELECTABLE'}, Tag{name='provider', value='AWS'}, Tag{name='region', value='AP_SOUTH_1'}, Tag{name='workloadType', value='OPERATIONAL'}]}, electionId=null, setVersion=255, topologyVersion=TopologyVersion{processId=698602b04ca951ce31b76eaa, counter=4}, lastWriteDate=Sun Feb 08 20:01:19 IST 2026, lastUpdateTimeNanos=1148906549912750}
2026-02-08 20:01:53 INFO  org.mongodb.driver.connection - Opened connection [connectionId{localValue:14, serverValue:147922}] to ac-likbc8k-shard-00-02.5qo1ask.mongodb.net:27017
2026-02-08 20:01:53 INFO  org.mongodb.driver.connection - Opened connection [connectionId{localValue:15, serverValue:166894}] to ac-likbc8k-shard-00-01.5qo1ask.mongodb.net:27017
2026-02-08 20:01:53 INFO  org.mongodb.driver.connection - Opened connection [connectionId{localValue:16, serverValue:149097}] to ac-likbc8k-shard-00-00.5qo1ask.mongodb.net:27017
2026-02-08 20:06:31 INFO  org.mongodb.driver.connection - Opened connection [connectionId{localValue:17, serverValue:167956}] to ac-likbc8k-shard-00-01.5qo1ask.mongodb.net:27017
2026-02-08 21:54:48 INFO  n.e.journalApp.JournalApplication - Starting JournalApplication using Java 17.0.12 on Abhays-MacBook-Air-2.local with PID 52793 (/Users/abhayraj/Desktop/SpringBoot/journalApp/target/classes started by abhayraj in /Users/abhayraj/Desktop/SpringBoot/journalApp)
2026-02-08 21:54:48 INFO  n.e.journalApp.JournalApplication - The following 1 profile is active: "dev"
2026-02-08 21:54:48 INFO  o.s.d.r.c.RepositoryConfigurationDelegate - Bootstrapping Spring Data MongoDB repositories in DEFAULT mode.
2026-02-08 21:54:48 INFO  o.s.d.r.c.RepositoryConfigurationDelegate - Finished Spring Data repository scanning in 14 ms. Found 2 MongoDB repository interfaces.
2026-02-08 21:54:48 INFO  o.s.b.w.e.tomcat.TomcatWebServer - Tomcat initialized with port(s): 8080 (http)
2026-02-08 21:54:48 INFO  o.a.coyote.http11.Http11NioProtocol - Initializing ProtocolHandler ["http-nio-8080"]
2026-02-08 21:54:48 INFO  o.a.catalina.core.StandardService - Starting service [Tomcat]
2026-02-08 21:54:48 INFO  o.a.catalina.core.StandardEngine - Starting Servlet engine: [Apache Tomcat/9.0.79]
2026-02-08 21:54:48 INFO  o.a.c.c.C.[Tomcat].[localhost].[/] - Initializing Spring embedded WebApplicationContext
2026-02-08 21:54:48 INFO  o.s.b.w.s.c.ServletWebServerApplicationContext - Root WebApplicationContext: initialization completed in 412 ms
2026-02-08 21:54:48 INFO  org.mongodb.driver.client - MongoClient with metadata {"driver": {"name": "mongo-java-driver|sync|spring-boot", "version": "4.6.1"}, "os": {"type": "Darwin", "name": "Mac OS X", "architecture": "aarch64", "version": "26.2"}, "platform": "Java/Oracle Corporation/17.0.12+8-LTS-286", "application": {"name": "JournalAppCluster"}} created with settings MongoClientSettings{readPreference=primary, writeConcern=WriteConcern{w=null, wTimeout=null ms, journal=null}, retryWrites=true, retryReads=true, readConcern=ReadConcern{level=null}, credential=MongoCredential{mechanism=null, userName='AbhayRaj011', source='admin', password=<hidden>, mechanismProperties=<hidden>}, streamFactoryFactory=null, commandListeners=[], codecRegistry=ProvidersCodecRegistry{codecProviders=[ValueCodecProvider{}, BsonValueCodecProvider{}, DBRefCodecProvider{}, DBObjectCodecProvider{}, DocumentCodecProvider{}, IterableCodecProvider{}, MapCodecProvider{}, GeoJsonCodecProvider{}, GridFSFileCodecProvider{}, Jsr310CodecProvider{}, JsonObjectCodecProvider{}, BsonCodecProvider{}, EnumCodecProvider{}, com.mongodb.Jep395RecordCodecProvider@2f14b0f6]}, clusterSettings={hosts=[127.0.0.1:27017], srvHost=journalappcluster.5qo1ask.mongodb.net, srvServiceName=mongodb, mode=MULTIPLE, requiredClusterType=REPLICA_SET, requiredReplicaSetName='atlas-43fah9-shard-0', serverSelector='null', clusterListeners='[]', serverSelectionTimeout='30000 ms', localThreshold='30000 ms'}, socketSettings=SocketSettings{connectTimeoutMS=10000, readTimeoutMS=0, receiveBufferSize=0, sendBufferSize=0}, heartbeatSocketSettings=SocketSettings{connectTimeoutMS=10000, readTimeoutMS=10000, receiveBufferSize=0, sendBufferSize=0}, connectionPoolSettings=ConnectionPoolSettings{maxSize=100, minSize=0, maxWaitTimeMS=120000, maxConnectionLifeTimeMS=0, maxConnectionIdleTimeMS=0, maintenanceInitialDelayMS=0, maintenanceFrequencyMS=60000, connectionPoolListeners=[], maxConnecting=2}, serverSettings=ServerSettings{heartbeatFrequencyMS=10000, minHeartbeatFrequencyMS=500, serverListeners='[]', serverMonitorListeners='[]'}, sslSettings=SslSettings{enabled=true, invalidHostNameAllowed=false, context=null}, applicationName='JournalAppCluster', compressorList=[], uuidRepresentation=JAVA_LEGACY, serverApi=null, autoEncryptionSettings=null, contextProvider=null}
2026-02-08 21:54:48 INFO  org.mongodb.driver.cluster - Adding discovered server ac-likbc8k-shard-00-00.5qo1ask.mongodb.net:27017 to client view of cluster
2026-02-08 21:54:48 INFO  org.mongodb.driver.cluster - Adding discovered server ac-likbc8k-shard-00-01.5qo1ask.mongodb.net:27017 to client view of cluster
2026-02-08 21:54:48 INFO  org.mongodb.driver.cluster - Adding discovered server ac-likbc8k-shard-00-02.5qo1ask.mongodb.net:27017 to client view of cluster
2026-02-08 21:54:48 INFO  org.mongodb.driver.cluster - No server chosen by com.mongodb.client.internal.MongoClientDelegate$1@2c26ba07 from cluster description ClusterDescription{type=REPLICA_SET, connectionMode=MULTIPLE, serverDescriptions=[ServerDescription{address=ac-likbc8k-shard-00-00.5qo1ask.mongodb.net:27017, type=UNKNOWN, state=CONNECTING}, ServerDescription{address=ac-likbc8k-shard-00-01.5qo1ask.mongodb.net:27017, type=UNKNOWN, state=CONNECTING}, ServerDescription{address=ac-likbc8k-shard-00-02.5qo1ask.mongodb.net:27017, type=UNKNOWN, state=CONNECTING}]}. Waiting for 30000 ms before timing out
2026-02-08 21:54:48 INFO  org.mongodb.driver.connection - Opened connection [connectionId{localValue:3, serverValue:154150}] to ac-likbc8k-shard-00-02.5qo1ask.mongodb.net:27017
2026-02-08 21:54:48 INFO  org.mongodb.driver.connection - Opened connection [connectionId{localValue:6, serverValue:155334}] to ac-likbc8k-shard-00-00.5qo1ask.mongodb.net:27017
2026-02-08 21:54:48 INFO  org.mongodb.driver.connection - Opened connection [connectionId{localValue:2, serverValue:155334}] to ac-likbc8k-shard-00-00.5qo1ask.mongodb.net:27017
2026-02-08 21:54:48 INFO  org.mongodb.driver.connection - Opened connection [connectionId{localValue:1, serverValue:174521}] to ac-likbc8k-shard-00-01.5qo1ask.mongodb.net:27017
2026-02-08 21:54:48 INFO  org.mongodb.driver.connection - Opened connection [connectionId{localValue:5, serverValue:154150}] to ac-likbc8k-shard-00-02.5qo1ask.mongodb.net:27017
2026-02-08 21:54:48 INFO  org.mongodb.driver.connection - Opened connection [connectionId{localValue:4, serverValue:174596}] to ac-likbc8k-shard-00-01.5qo1ask.mongodb.net:27017
2026-02-08 21:54:48 INFO  org.mongodb.driver.cluster - Monitor thread successfully connected to server with description ServerDescription{address=ac-likbc8k-shard-00-02.5qo1ask.mongodb.net:27017, type=REPLICA_SET_SECONDARY, state=CONNECTED, ok=true, minWireVersion=0, maxWireVersion=25, maxDocumentSize=16777216, logicalSessionTimeoutMinutes=30, roundTripTimeNanos=158959250, setName='atlas-43fah9-shard-0', canonicalAddress=ac-likbc8k-shard-00-02.5qo1ask.mongodb.net:27017, hosts=[ac-likbc8k-shard-00-00.5qo1ask.mongodb.net:27017, ac-likbc8k-shard-00-01.5qo1ask.mongodb.net:27017, ac-likbc8k-shard-00-02.5qo1ask.mongodb.net:27017], passives=[], arbiters=[], primary='ac-likbc8k-shard-00-01.5qo1ask.mongodb.net:27017', tagSet=TagSet{[Tag{name='availabilityZone', value='aps1-az2'}, Tag{name='diskState', value='READY'}, Tag{name='nodeType', value='ELECTABLE'}, Tag{name='provider', value='AWS'}, Tag{name='region', value='AP_SOUTH_1'}, Tag{name='workloadType', value='OPERATIONAL'}]}, electionId=null, setVersion=255, topologyVersion=TopologyVersion{processId=6986035ac1a4dd855227a384, counter=3}, lastWriteDate=Sun Feb 08 21:54:48 IST 2026, lastUpdateTimeNanos=1153968137011833}
2026-02-08 21:54:48 INFO  org.mongodb.driver.cluster - Monitor thread successfully connected to server with description ServerDescription{address=ac-likbc8k-shard-00-00.5qo1ask.mongodb.net:27017, type=REPLICA_SET_SECONDARY, state=CONNECTED, ok=true, minWireVersion=0, maxWireVersion=25, maxDocumentSize=16777216, logicalSessionTimeoutMinutes=30, roundTripTimeNanos=158959208, setName='atlas-43fah9-shard-0', canonicalAddress=ac-likbc8k-shard-00-00.5qo1ask.mongodb.net:27017, hosts=[ac-likbc8k-shard-00-00.5qo1ask.mongodb.net:27017, ac-likbc8k-shard-00-01.5qo1ask.mongodb.net:27017, ac-likbc8k-shard-00-02.5qo1ask.mongodb.net:27017], passives=[], arbiters=[], primary='ac-likbc8k-shard-00-01.5qo1ask.mongodb.net:27017', tagSet=TagSet{[Tag{name='availabilityZone', value='aps1-az1'}, Tag{name='diskState', value='READY'}, Tag{name='nodeType', value='ELECTABLE'}, Tag{name='provider', value='AWS'}, Tag{name='region', value='AP_SOUTH_1'}, Tag{name='workloadType', value='OPERATIONAL'}]}, electionId=null, setVersion=255, topologyVersion=TopologyVersion{processId=698602b04ca951ce31b76eaa, counter=4}, lastWriteDate=Sun Feb 08 21:54:48 IST 2026, lastUpdateTimeNanos=1153968137011833}
2026-02-08 21:54:48 INFO  org.mongodb.driver.cluster - Monitor thread successfully connected to server with description ServerDescription{address=ac-likbc8k-shard-00-01.5qo1ask.mongodb.net:27017, type=REPLICA_SET_PRIMARY, state=CONNECTED, ok=true, minWireVersion=0, maxWireVersion=25, maxDocumentSize=16777216, logicalSessionTimeoutMinutes=30, roundTripTimeNanos=158964000, setName='atlas-43fah9-shard-0', canonicalAddress=ac-likbc8k-shard-00-01.5qo1ask.mongodb.net:27017, hosts=[ac-likbc8k-shard-00-00.5qo1ask.mongodb.net:27017, ac-likbc8k-shard-00-01.5qo1ask.mongodb.net:27017, ac-likbc8k-shard-00-02.5qo1ask.mongodb.net:27017], passives=[], arbiters=[], primary='ac-likbc8k-shard-00-01.5qo1ask.mongodb.net:27017', tagSet=TagSet{[Tag{name='availabilityZone', value='aps1-az3'}, Tag{name='diskState', value='READY'}, Tag{name='nodeType', value='ELECTABLE'}, Tag{name='provider', value='AWS'}, Tag{name='region', value='AP_SOUTH_1'}, Tag{name='workloadType', value='OPERATIONAL'}]}, electionId=7fffffff000000000000036c, setVersion=255, topologyVersion=TopologyVersion{processId=6986030552a83cc1a6464921, counter=6}, lastWriteDate=Sun Feb 08 21:54:48 IST 2026, lastUpdateTimeNanos=1153968137009208}
2026-02-08 21:54:48 INFO  org.mongodb.driver.cluster - Setting max election id to 7fffffff000000000000036c from replica set primary ac-likbc8k-shard-00-01.5qo1ask.mongodb.net:27017
2026-02-08 21:54:48 INFO  org.mongodb.driver.cluster - Setting max set version to 255 from replica set primary ac-likbc8k-shard-00-01.5qo1ask.mongodb.net:27017
2026-02-08 21:54:48 INFO  org.mongodb.driver.cluster - Discovered replica set primary ac-likbc8k-shard-00-01.5qo1ask.mongodb.net:27017
2026-02-08 21:54:49 INFO  org.mongodb.driver.connection - Opened connection [connectionId{localValue:7, serverValue:174612}] to ac-likbc8k-shard-00-01.5qo1ask.mongodb.net:27017
2026-02-08 21:54:49 INFO  o.s.s.web.DefaultSecurityFilterChain - Will secure any request with [org.springframework.security.web.session.DisableEncodeUrlFilter@582a3b19, org.springframework.security.web.context.request.async.WebAsyncManagerIntegrationFilter@2b0454d2, org.springframework.security.web.context.SecurityContextPersistenceFilter@3f048c86, org.springframework.security.web.header.HeaderWriterFilter@23e61112, org.springframework.security.web.authentication.logout.LogoutFilter@256589a1, org.springframework.security.web.authentication.www.BasicAuthenticationFilter@47569167, org.springframework.security.web.savedrequest.RequestCacheAwareFilter@1de13f34, org.springframework.security.web.servletapi.SecurityContextHolderAwareRequestFilter@7e191fda, org.springframework.security.web.authentication.AnonymousAuthenticationFilter@2616b618, org.springframework.security.web.session.SessionManagementFilter@36d582cb, org.springframework.security.web.access.ExceptionTranslationFilter@70c29356, org.springframework.security.web.access.intercept.FilterSecurityInterceptor@2315052d]
2026-02-08 21:54:49 INFO  o.a.coyote.http11.Http11NioProtocol - Starting ProtocolHandler ["http-nio-8080"]
2026-02-08 21:54:49 INFO  o.s.b.w.e.tomcat.TomcatWebServer - Tomcat started on port(s): 8080 (http) with context path ''
2026-02-08 21:54:49 INFO  n.e.journalApp.JournalApplication - Started JournalApplication in 1.424 seconds (JVM running for 1.662)
2026-02-08 21:55:20 INFO  o.a.c.c.C.[Tomcat].[localhost].[/] - Initializing Spring DispatcherServlet 'dispatcherServlet'
2026-02-08 21:55:20 INFO  o.s.web.servlet.DispatcherServlet - Initializing Servlet 'dispatcherServlet'
2026-02-08 21:55:20 INFO  o.s.web.servlet.DispatcherServlet - Completed initialization in 0 ms
2026-02-08 21:55:20 ERROR n.e.journalApp.service.UserService - hahahhaha
2026-02-08 22:58:19 INFO  o.s.b.t.c.SpringBootTestContextBootstrapper - Neither @ContextConfiguration nor @ContextHierarchy found for test class [net.engineeringdigest.journalApp.JournalAppApplicationTests], using SpringBootContextLoader
2026-02-08 22:58:19 INFO  o.s.t.c.s.AbstractContextLoader - Could not detect default resource locations for test class [net.engineeringdigest.journalApp.JournalAppApplicationTests]: no resource found for suffixes {-context.xml, Context.groovy}.
2026-02-08 22:58:19 INFO  o.s.t.c.s.AnnotationConfigContextLoaderUtils - Could not detect default configuration classes for test class [net.engineeringdigest.journalApp.JournalAppApplicationTests]: JournalAppApplicationTests does not declare any static, non-private, non-final, nested classes annotated with @Configuration.
2026-02-08 22:58:19 INFO  o.s.b.t.c.SpringBootTestContextBootstrapper - Found @SpringBootConfiguration net.engineeringdigest.journalApp.JournalApplication for test class net.engineeringdigest.journalApp.JournalAppApplicationTests
2026-02-08 22:58:19 INFO  o.s.b.t.c.SpringBootTestContextBootstrapper - Loaded default TestExecutionListener class names from location [META-INF/spring.factories]: [org.springframework.boot.test.mock.mockito.MockitoTestExecutionListener, org.springframework.boot.test.mock.mockito.ResetMocksTestExecutionListener, org.springframework.boot.test.autoconfigure.restdocs.RestDocsTestExecutionListener, org.springframework.boot.test.autoconfigure.web.client.MockRestServiceServerResetTestExecutionListener, org.springframework.boot.test.autoconfigure.web.servlet.MockMvcPrintOnlyOnFailureTestExecutionListener, org.springframework.boot.test.autoconfigure.web.servlet.WebDriverTestExecutionListener, org.springframework.boot.test.autoconfigure.webservices.client.MockWebServiceServerTestExecutionListener, org.springframework.test.context.web.ServletTestExecutionListener, org.springframework.test.context.support.DirtiesContextBeforeModesTestExecutionListener, org.springframework.test.context.event.ApplicationEventsTestExecutionListener, org.springframework.test.context.support.DependencyInjectionTestExecutionListener, org.springframework.test.context.support.DirtiesContextTestExecutionListener, org.springframework.test.context.transaction.TransactionalTestExecutionListener, org.springframework.test.context.jdbc.SqlScriptsTestExecutionListener, org.springframework.test.context.event.EventPublishingTestExecutionListener]
2026-02-08 22:58:19 INFO  o.s.b.t.c.SpringBootTestContextBootstrapper - Using TestExecutionListeners: [org.springframework.test.context.web.ServletTestExecutionListener@17a1e4ca, org.springframework.test.context.support.DirtiesContextBeforeModesTestExecutionListener@10ded6a9, org.springframework.test.context.event.ApplicationEventsTestExecutionListener@c5dc4a2, org.springframework.boot.test.mock.mockito.MockitoTestExecutionListener@4a194c39, org.springframework.boot.test.autoconfigure.SpringBootDependencyInjectionTestExecutionListener@52066604, org.springframework.test.context.support.DirtiesContextTestExecutionListener@340b9973, org.springframework.test.context.transaction.TransactionalTestExecutionListener@56113384, org.springframework.test.context.jdbc.SqlScriptsTestExecutionListener@5669c5fb, org.springframework.test.context.event.EventPublishingTestExecutionListener@373ebf74, org.springframework.boot.test.mock.mockito.ResetMocksTestExecutionListener@5f9678e1, org.springframework.boot.test.autoconfigure.restdocs.RestDocsTestExecutionListener@c4ed84, org.springframework.boot.test.autoconfigure.web.client.MockRestServiceServerResetTestExecutionListener@189aa67a, org.springframework.boot.test.autoconfigure.web.servlet.MockMvcPrintOnlyOnFailureTestExecutionListener@5a9d6f02, org.springframework.boot.test.autoconfigure.web.servlet.WebDriverTestExecutionListener@362045c0, org.springframework.boot.test.autoconfigure.webservices.client.MockWebServiceServerTestExecutionListener@112f364d]
2026-02-08 22:58:19 INFO  n.e.j.JournalAppApplicationTests - Starting JournalAppApplicationTests using Java 17.0.12 on Abhays-MacBook-Air-2.local with PID 54426 (started by abhayraj in /Users/abhayraj/Desktop/SpringBoot/journalApp)
2026-02-08 22:58:19 INFO  n.e.j.JournalAppApplicationTests - The following 1 profile is active: "dev"
2026-02-08 22:58:19 INFO  o.s.d.r.c.RepositoryConfigurationDelegate - Bootstrapping Spring Data MongoDB repositories in DEFAULT mode.
2026-02-08 22:58:19 INFO  o.s.d.r.c.RepositoryConfigurationDelegate - Finished Spring Data repository scanning in 14 ms. Found 2 MongoDB repository interfaces.
2026-02-08 22:58:20 INFO  org.mongodb.driver.client - MongoClient with metadata {"driver": {"name": "mongo-java-driver|sync|spring-boot", "version": "4.6.1"}, "os": {"type": "Darwin", "name": "Mac OS X", "architecture": "aarch64", "version": "26.2"}, "platform": "Java/Oracle Corporation/17.0.12+8-LTS-286", "application": {"name": "JournalAppCluster"}} created with settings MongoClientSettings{readPreference=primary, writeConcern=WriteConcern{w=null, wTimeout=null ms, journal=null}, retryWrites=true, retryReads=true, readConcern=ReadConcern{level=null}, credential=MongoCredential{mechanism=null, userName='AbhayRaj011', source='admin', password=<hidden>, mechanismProperties=<hidden>}, streamFactoryFactory=null, commandListeners=[], codecRegistry=ProvidersCodecRegistry{codecProviders=[ValueCodecProvider{}, BsonValueCodecProvider{}, DBRefCodecProvider{}, DBObjectCodecProvider{}, DocumentCodecProvider{}, IterableCodecProvider{}, MapCodecProvider{}, GeoJsonCodecProvider{}, GridFSFileCodecProvider{}, Jsr310CodecProvider{}, JsonObjectCodecProvider{}, BsonCodecProvider{}, EnumCodecProvider{}, com.mongodb.Jep395RecordCodecProvider@adcfad9]}, clusterSettings={hosts=[127.0.0.1:27017], srvHost=journalappcluster.5qo1ask.mongodb.net, srvServiceName=mongodb, mode=MULTIPLE, requiredClusterType=REPLICA_SET, requiredReplicaSetName='atlas-43fah9-shard-0', serverSelector='null', clusterListeners='[]', serverSelectionTimeout='30000 ms', localThreshold='30000 ms'}, socketSettings=SocketSettings{connectTimeoutMS=10000, readTimeoutMS=0, receiveBufferSize=0, sendBufferSize=0}, heartbeatSocketSettings=SocketSettings{connectTimeoutMS=10000, readTimeoutMS=10000, receiveBufferSize=0, sendBufferSize=0}, connectionPoolSettings=ConnectionPoolSettings{maxSize=100, minSize=0, maxWaitTimeMS=120000, maxConnectionLifeTimeMS=0, maxConnectionIdleTimeMS=0, maintenanceInitialDelayMS=0, maintenanceFrequencyMS=60000, connectionPoolListeners=[], maxConnecting=2}, serverSettings=ServerSettings{heartbeatFrequencyMS=10000, minHeartbeatFrequencyMS=500, serverListeners='[]', serverMonitorListeners='[]'}, sslSettings=SslSettings{enabled=true, invalidHostNameAllowed=false, context=null}, applicationName='JournalAppCluster', compressorList=[], uuidRepresentation=JAVA_LEGACY, serverApi=null, autoEncryptionSettings=null, contextProvider=null}
2026-02-08 22:58:20 INFO  org.mongodb.driver.cluster - Adding discovered server ac-likbc8k-shard-00-00.5qo1ask.mongodb.net:27017 to client view of cluster
2026-02-08 22:58:20 INFO  org.mongodb.driver.cluster - Adding discovered server ac-likbc8k-shard-00-01.5qo1ask.mongodb.net:27017 to client view of cluster
2026-02-08 22:58:20 INFO  org.mongodb.driver.cluster - Adding discovered server ac-likbc8k-shard-00-02.5qo1ask.mongodb.net:27017 to client view of cluster
2026-02-08 22:58:20 INFO  org.mongodb.driver.cluster - No server chosen by com.mongodb.client.internal.MongoClientDelegate$1@7ecda95b from cluster description ClusterDescription{type=REPLICA_SET, connectionMode=MULTIPLE, serverDescriptions=[ServerDescription{address=ac-likbc8k-shard-00-00.5qo1ask.mongodb.net:27017, type=UNKNOWN, state=CONNECTING}, ServerDescription{address=ac-likbc8k-shard-00-01.5qo1ask.mongodb.net:27017, type=UNKNOWN, state=CONNECTING}, ServerDescription{address=ac-likbc8k-shard-00-02.5qo1ask.mongodb.net:27017, type=UNKNOWN, state=CONNECTING}]}. Waiting for 30000 ms before timing out
2026-02-08 22:58:20 INFO  org.mongodb.driver.connection - Opened connection [connectionId{localValue:2, serverValue:178830}] to ac-likbc8k-shard-00-01.5qo1ask.mongodb.net:27017
2026-02-08 22:58:20 INFO  org.mongodb.driver.connection - Opened connection [connectionId{localValue:3, serverValue:157879}] to ac-likbc8k-shard-00-02.5qo1ask.mongodb.net:27017
2026-02-08 22:58:20 INFO  org.mongodb.driver.connection - Opened connection [connectionId{localValue:6, serverValue:159030}] to ac-likbc8k-shard-00-00.5qo1ask.mongodb.net:27017
2026-02-08 22:58:20 INFO  org.mongodb.driver.connection - Opened connection [connectionId{localValue:4, serverValue:159035}] to ac-likbc8k-shard-00-00.5qo1ask.mongodb.net:27017
2026-02-08 22:58:20 INFO  org.mongodb.driver.connection - Opened connection [connectionId{localValue:1, serverValue:157879}] to ac-likbc8k-shard-00-02.5qo1ask.mongodb.net:27017
2026-02-08 22:58:20 INFO  org.mongodb.driver.connection - Opened connection [connectionId{localValue:5, serverValue:178830}] to ac-likbc8k-shard-00-01.5qo1ask.mongodb.net:27017
2026-02-08 22:58:20 INFO  org.mongodb.driver.cluster - Monitor thread successfully connected to server with description ServerDescription{address=ac-likbc8k-shard-00-00.5qo1ask.mongodb.net:27017, type=REPLICA_SET_SECONDARY, state=CONNECTED, ok=true, minWireVersion=0, maxWireVersion=25, maxDocumentSize=16777216, logicalSessionTimeoutMinutes=30, roundTripTimeNanos=151170750, setName='atlas-43fah9-shard-0', canonicalAddress=ac-likbc8k-shard-00-00.5qo1ask.mongodb.net:27017, hosts=[ac-likbc8k-shard-00-00.5qo1ask.mongodb.net:27017, ac-likbc8k-shard-00-01.5qo1ask.mongodb.net:27017, ac-likbc8k-shard-00-02.5qo1ask.mongodb.net:27017], passives=[], arbiters=[], primary='ac-likbc8k-shard-00-01.5qo1ask.mongodb.net:27017', tagSet=TagSet{[Tag{name='availabilityZone', value='aps1-az1'}, Tag{name='diskState', value='READY'}, Tag{name='nodeType', value='ELECTABLE'}, Tag{name='provider', value='AWS'}, Tag{name='region', value='AP_SOUTH_1'}, Tag{name='workloadType', value='OPERATIONAL'}]}, electionId=null, setVersion=255, topologyVersion=TopologyVersion{processId=698602b04ca951ce31b76eaa, counter=4}, lastWriteDate=Sun Feb 08 22:58:20 IST 2026, lastUpdateTimeNanos=1157779490927458}
2026-02-08 22:58:20 INFO  org.mongodb.driver.cluster - Monitor thread successfully connected to server with description ServerDescription{address=ac-likbc8k-shard-00-02.5qo1ask.mongodb.net:27017, type=REPLICA_SET_SECONDARY, state=CONNECTED, ok=true, minWireVersion=0, maxWireVersion=25, maxDocumentSize=16777216, logicalSessionTimeoutMinutes=30, roundTripTimeNanos=150394958, setName='atlas-43fah9-shard-0', canonicalAddress=ac-likbc8k-shard-00-02.5qo1ask.mongodb.net:27017, hosts=[ac-likbc8k-shard-00-00.5qo1ask.mongodb.net:27017, ac-likbc8k-shard-00-01.5qo1ask.mongodb.net:27017, ac-likbc8k-shard-00-02.5qo1ask.mongodb.net:27017], passives=[], arbiters=[], primary='ac-likbc8k-shard-00-01.5qo1ask.mongodb.net:27017', tagSet=TagSet{[Tag{name='availabilityZone', value='aps1-az2'}, Tag{name='diskState', value='READY'}, Tag{name='nodeType', value='ELECTABLE'}, Tag{name='provider', value='AWS'}, Tag{name='region', value='AP_SOUTH_1'}, Tag{name='workloadType', value='OPERATIONAL'}]}, electionId=null, setVersion=255, topologyVersion=TopologyVersion{processId=6986035ac1a4dd855227a384, counter=3}, lastWriteDate=Sun Feb 08 22:58:20 IST 2026, lastUpdateTimeNanos=1157779490927458}
2026-02-08 22:58:20 INFO  org.mongodb.driver.cluster - Monitor thread successfully connected to server with description ServerDescription{address=ac-likbc8k-shard-00-01.5qo1ask.mongodb.net:27017, type=REPLICA_SET_PRIMARY, state=CONNECTED, ok=true, minWireVersion=0, maxWireVersion=25, maxDocumentSize=16777216, logicalSessionTimeoutMinutes=30, roundTripTimeNanos=151804541, setName='atlas-43fah9-shard-0', canonicalAddress=ac-likbc8k-shard-00-01.5qo1ask.mongodb.net:27017, hosts=[ac-likbc8k-shard-00-00.5qo1ask.mongodb.net:27017, ac-likbc8k-shard-00-01.5qo1ask.mongodb.net:27017, ac-likbc8k-shard-00-02.5qo1ask.mongodb.net:27017], passives=[], arbiters=[], primary='ac-likbc8k-shard-00-01.5qo1ask.mongodb.net:27017', tagSet=TagSet{[Tag{name='availabilityZone', value='aps1-az3'}, Tag{name='diskState', value='READY'}, Tag{name='nodeType', value='ELECTABLE'}, Tag{name='provider', value='AWS'}, Tag{name='region', value='AP_SOUTH_1'}, Tag{name='workloadType', value='OPERATIONAL'}]}, electionId=7fffffff000000000000036c, setVersion=255, topologyVersion=TopologyVersion{processId=6986030552a83cc1a6464921, counter=6}, lastWriteDate=Sun Feb 08 22:58:20 IST 2026, lastUpdateTimeNanos=1157779490928250}
2026-02-08 22:58:20 INFO  org.mongodb.driver.cluster - Setting max election id to 7fffffff000000000000036c from replica set primary ac-likbc8k-shard-00-01.5qo1ask.mongodb.net:27017
2026-02-08 22:58:20 INFO  org.mongodb.driver.cluster - Setting max set version to 255 from replica set primary ac-likbc8k-shard-00-01.5qo1ask.mongodb.net:27017
2026-02-08 22:58:20 INFO  org.mongodb.driver.cluster - Discovered replica set primary ac-likbc8k-shard-00-01.5qo1ask.mongodb.net:27017
2026-02-08 22:58:20 INFO  org.mongodb.driver.connection - Opened connection [connectionId{localValue:7, serverValue:178920}] to ac-likbc8k-shard-00-01.5qo1ask.mongodb.net:27017
2026-02-08 22:58:20 INFO  o.s.s.web.DefaultSecurityFilterChain - Will secure any request with [org.springframework.security.web.session.DisableEncodeUrlFilter@6f315b08, org.springframework.security.web.context.request.async.WebAsyncManagerIntegrationFilter@6c8efde4, org.springframework.security.web.context.SecurityContextPersistenceFilter@1be52861, org.springframework.security.web.header.HeaderWriterFilter@72af90e8, org.springframework.security.web.authentication.logout.LogoutFilter@1b46392c, org.springframework.security.web.authentication.www.BasicAuthenticationFilter@7c0df4ab, org.springframework.security.web.savedrequest.RequestCacheAwareFilter@632cf7d3, org.springframework.security.web.servletapi.SecurityContextHolderAwareRequestFilter@51b87df7, org.springframework.security.web.authentication.AnonymousAuthenticationFilter@24e5389c, org.springframework.security.web.session.SessionManagementFilter@55d8c2c4, org.springframework.security.web.access.ExceptionTranslationFilter@79cb8ffa, org.springframework.security.web.access.intercept.FilterSecurityInterceptor@2450256f]
2026-02-08 22:58:21 INFO  n.e.j.JournalAppApplicationTests - Started JournalAppApplicationTests in 1.584 seconds (JVM running for 1.88)
2026-02-08 22:58:21 INFO  o.s.b.t.c.SpringBootTestContextBootstrapper - Neither @ContextConfiguration nor @ContextHierarchy found for test class [net.engineeringdigest.journalApp.service.UserServiceTest], using SpringBootContextLoader
2026-02-08 22:58:21 INFO  o.s.t.c.s.AbstractContextLoader - Could not detect default resource locations for test class [net.engineeringdigest.journalApp.service.UserServiceTest]: no resource found for suffixes {-context.xml, Context.groovy}.
2026-02-08 22:58:21 INFO  o.s.t.c.s.AnnotationConfigContextLoaderUtils - Could not detect default configuration classes for test class [net.engineeringdigest.journalApp.service.UserServiceTest]: UserServiceTest does not declare any static, non-private, non-final, nested classes annotated with @Configuration.
2026-02-08 22:58:21 INFO  o.s.b.t.c.SpringBootTestContextBootstrapper - Found @SpringBootConfiguration net.engineeringdigest.journalApp.JournalApplication for test class net.engineeringdigest.journalApp.service.UserServiceTest
2026-02-08 22:58:21 INFO  o.s.b.t.c.SpringBootTestContextBootstrapper - Loaded default TestExecutionListener class names from location [META-INF/spring.factories]: [org.springframework.boot.test.mock.mockito.MockitoTestExecutionListener, org.springframework.boot.test.mock.mockito.ResetMocksTestExecutionListener, org.springframework.boot.test.autoconfigure.restdocs.RestDocsTestExecutionListener, org.springframework.boot.test.autoconfigure.web.client.MockRestServiceServerResetTestExecutionListener, org.springframework.boot.test.autoconfigure.web.servlet.MockMvcPrintOnlyOnFailureTestExecutionListener, org.springframework.boot.test.autoconfigure.web.servlet.WebDriverTestExecutionListener, org.springframework.boot.test.autoconfigure.webservices.client.MockWebServiceServerTestExecutionListener, org.springframework.test.context.web.ServletTestExecutionListener, org.springframework.test.context.support.DirtiesContextBeforeModesTestExecutionListener, org.springframework.test.context.event.ApplicationEventsTestExecutionListener, org.springframework.test.context.support.DependencyInjectionTestExecutionListener, org.springframework.test.context.support.DirtiesContextTestExecutionListener, org.springframework.test.context.transaction.TransactionalTestExecutionListener, org.springframework.test.context.jdbc.SqlScriptsTestExecutionListener, org.springframework.test.context.event.EventPublishingTestExecutionListener]
2026-02-08 22:58:21 INFO  o.s.b.t.c.SpringBootTestContextBootstrapper - Using TestExecutionListeners: [org.springframework.test.context.web.ServletTestExecutionListener@4ac0ed65, org.springframework.test.context.support.DirtiesContextBeforeModesTestExecutionListener@5c7c75fb, org.springframework.test.context.event.ApplicationEventsTestExecutionListener@729d6ee2, org.springframework.boot.test.mock.mockito.MockitoTestExecutionListener@4adcc981, org.springframework.boot.test.autoconfigure.SpringBootDependencyInjectionTestExecutionListener@73aae7a, org.springframework.test.context.support.DirtiesContextTestExecutionListener@3856d0cb, org.springframework.test.context.transaction.TransactionalTestExecutionListener@2125535d, org.springframework.test.context.jdbc.SqlScriptsTestExecutionListener@d190639, org.springframework.test.context.event.EventPublishingTestExecutionListener@5f82209e, org.springframework.boot.test.mock.mockito.ResetMocksTestExecutionListener@515c732d, org.springframework.boot.test.autoconfigure.restdocs.RestDocsTestExecutionListener@5ae87de0, org.springframework.boot.test.autoconfigure.web.client.MockRestServiceServerResetTestExecutionListener@1f85904a, org.springframework.boot.test.autoconfigure.web.servlet.MockMvcPrintOnlyOnFailureTestExecutionListener@514dc5f4, org.springframework.boot.test.autoconfigure.web.servlet.WebDriverTestExecutionListener@633a11eb, org.springframework.boot.test.autoconfigure.webservices.client.MockWebServiceServerTestExecutionListener@7a247711]
